<?xml version="1.0" encoding="UTF-8"?>
<!-- DBUnit flatXml DataFile -->
<!-- 测试数据文件，注意.此文件的指定ID必须>70000 -->
<dataset>

</dataset>
